
> securevault-dashboard@0.0.0 build
> vite build

[36mvite v8.0.10 [32mbuilding client environment for production...[36m[39m
[2Ktransforming...✓ 25 modules transformed.
rendering chunks...
[31m✗[39m Build failed in 327ms
[31merror during build:
[31mBuild failed with 1 error:

[31m[MISSING_EXPORT] Error:[0m "SearchBar" is not exported by "src/components/SearchBar.jsx".
   [38;5;246m╭[0m[38;5;246m─[0m[38;5;246m[[0m App.jsx:5:10 [38;5;246m][0m
   [38;5;246m│[0m
 [38;5;246m5 │[0m [38;5;249mi[0m[38;5;249mm[0m[38;5;249mp[0m[38;5;249mo[0m[38;5;249mr[0m[38;5;249mt[0m[38;5;249m [0m[38;5;249m{[0m[38;5;249m [0mSearchBar[38;5;249m [0m[38;5;249m}[0m[38;5;249m [0m[38;5;249mf[0m[38;5;249mr[0m[38;5;249mo[0m[38;5;249mm[0m[38;5;249m [0m[38;5;249m"[0m[38;5;249m.[0m[38;5;249m/[0m[38;5;249ms[0m[38;5;249mr[0m[38;5;249mc[0m[38;5;249m/[0m[38;5;249mc[0m[38;5;249mo[0m[38;5;249mm[0m[38;5;249mp[0m[38;5;249mo[0m[38;5;249mn[0m[38;5;249me[0m[38;5;249mn[0m[38;5;249mt[0m[38;5;249ms[0m[38;5;249m/[0m[38;5;249mS[0m[38;5;249me[0m[38;5;249ma[0m[38;5;249mr[0m[38;5;249mc[0m[38;5;249mh[0m[38;5;249mB[0m[38;5;249ma[0m[38;5;249mr[0m[38;5;249m.[0m[38;5;249mj[0m[38;5;249ms[0m[38;5;249mx[0m[38;5;249m"[0m[38;5;249m;[0m
 [38;5;240m  │[0m          ────┬────  
 [38;5;240m  │[0m              ╰────── Missing export
[38;5;246m───╯[0m
[31m
    at aggregateBindingErrorsIntoJsError (file:///C:/Users/Hp/OneDrive/Desktop/Fullstack/AmaliTech-DEG-Project-based-challenges/fullstack/secure-vault/node_modules/rolldown/dist/shared/error-DL-e8-oE.mjs:48:18)
    at unwrapBindingResult (file:///C:/Users/Hp/OneDrive/Desktop/Fullstack/AmaliTech-DEG-Project-based-challenges/fullstack/secure-vault/node_modules/rolldown/dist/shared/error-DL-e8-oE.mjs:18:128)
    at #build (file:///C:/Users/Hp/OneDrive/Desktop/Fullstack/AmaliTech-DEG-Project-based-challenges/fullstack/secure-vault/node_modules/rolldown/dist/shared/rolldown-build-DSxL8qiP.mjs:3317:34)
    at async buildEnvironment (file:///C:/Users/Hp/OneDrive/Desktop/Fullstack/AmaliTech-DEG-Project-based-challenges/fullstack/secure-vault/node_modules/vite/dist/node/chunks/node.js:33018:64)
    at async Object.build (file:///C:/Users/Hp/OneDrive/Desktop/Fullstack/AmaliTech-DEG-Project-based-challenges/fullstack/secure-vault/node_modules/vite/dist/node/chunks/node.js:33440:19)
    at async Object.buildApp (file:///C:/Users/Hp/OneDrive/Desktop/Fullstack/AmaliTech-DEG-Project-based-challenges/fullstack/secure-vault/node_modules/vite/dist/node/chunks/node.js:33437:153)
    at async CAC.<anonymous> (file:///C:/Users/Hp/OneDrive/Desktop/Fullstack/AmaliTech-DEG-Project-based-challenges/fullstack/secure-vault/node_modules/vite/dist/node/cli.js:778:3) {
  errors: [Getter/Setter]
}[39m
